<?xml version="1.0" encoding="UTF-8"?>
<testsuite xmlns:xsi="http://www.w3.org/2001/XMLSchema-instance" xsi:noNamespaceSchemaLocation="https://maven.apache.org/surefire/maven-surefire-plugin/xsd/surefire-test-report-3.0.xsd" version="3.0" name="CarRentalServiceTest" time="0.061" tests="5" errors="0" skipped="0" failures="0">
  <properties>
[...]
</properties>
  <testcase name="testReserveCarSuccess" classname="CarRentalServiceTest" time="0.031"/>
  <testcase name="testReservationOverlap" classname="CarRentalServiceTest" time="0.003"/>
  <testcase name="testNoOverlapReservation" classname="CarRentalServiceTest" time="0.001"/>
  <testcase name="testReserveCarFailsWhenNoCarsAvailable" classname="CarRentalServiceTest" time="0.001"/>
  <testcase name="testReserveCarDifferentType" classname="CarRentalServiceTest" time="0.001"/>
</testsuite>